<?xml version="1.0" encoding="UTF-8"?>
<!-- Generated by org.testng.reporters.JUnitReportReporter -->
<testsuite hostname="ANSH-OFFC" failures="0" tests="1" name="Cucumber.TestNGTestRunner" time="20.910" errors="0" timestamp="2023-06-11T17:46:28 IST" skipped="0">
  <testcase classname="Cucumber.TestNGTestRunner" name="runScenario" time="20.910"/>
  <system-out/>
</testsuite> <!-- Cucumber.TestNGTestRunner -->
