<?xml version="1.0" encoding="UTF-8"?>
<!-- Generated by org.testng.reporters.JUnitReportReporter -->
<testsuite hostname="ANSH-OFFC" failures="0" tests="4" name="anshFramework.tests.Submitorder" time="10.243" errors="0" timestamp="2023-06-11T18:12:08 IST" skipped="0">
  <testcase classname="anshFramework.tests.Submitorder" name="loginTest" time="2.960"/>
  <system-out/>
  <testcase classname="anshFramework.tests.Submitorder" name="addToCart" time="3.244"/>
  <system-out/>
  <testcase classname="anshFramework.tests.Submitorder" name="proceedToCheckout" time="3.535"/>
  <system-out/>
  <testcase classname="anshFramework.tests.Submitorder" name="verifyProductInCart" time="0.504"/>
  <system-out/>
</testsuite> <!-- anshFramework.tests.Submitorder -->
