<?xml version="1.0" encoding="UTF-8"?>
<!-- Generated by org.testng.reporters.JUnitReportReporter -->
<testsuite hostname="ANSH-OFFC" failures="0" tests="4" name="anshFramework.tests.Loginpagetest" time="6.305" errors="0" timestamp="2023-06-03T12:43:55 IST" skipped="0">
  <testcase classname="anshFramework.tests.Loginpagetest" name="proceedToCheckout" time="0.959"/>
  <system-out/>
  <testcase classname="anshFramework.tests.Loginpagetest" name="addToCart" time="1.441"/>
  <system-out/>
  <testcase classname="anshFramework.tests.Loginpagetest" name="loginTest" time="3.602"/>
  <system-out/>
  <testcase classname="anshFramework.tests.Loginpagetest" name="verifyProductInCart" time="0.303"/>
  <system-out/>
</testsuite> <!-- anshFramework.tests.Loginpagetest -->
