<?xml version="1.0" encoding="UTF-8"?>
<!-- Generated by org.testng.reporters.JUnitReportReporter -->
<testsuite hostname="ANSH-OFFC" failures="0" tests="1" name="anshdesign.AppTest" time="0.012" errors="0" timestamp="2023-05-30T12:16:17 IST" skipped="0">
  <testcase classname="anshdesign.AppTest" name="shouldAnswerWithTrue" time="0.012"/>
  <system-out/>
</testsuite> <!-- anshdesign.AppTest -->
