<?xml version="1.0" encoding="UTF-8"?>
<!-- Generated by org.testng.reporters.JUnitReportReporter -->
<testsuite hostname="ANSH-OFFC" failures="0" tests="2" name="anshFramework.tests.Verifyorder" time="2.662" errors="0" timestamp="2023-06-12T11:59:54 IST" skipped="0">
  <testcase classname="anshFramework.tests.Verifyorder" name="login" time="1.876"/>
  <system-out/>
  <testcase classname="anshFramework.tests.Verifyorder" name="verifyOrder" time="0.786"/>
  <system-out/>
</testsuite> <!-- anshFramework.tests.Verifyorder -->
