<?xml version="1.0" encoding="UTF-8"?>
<!-- Generated by org.testng.reporters.JUnitReportReporter -->
<testsuite hostname="ANSH-OFFC" failures="0" tests="1" name="Cucumber.TestNGTestRunner" time="12.766" errors="0" timestamp="2023-06-12T12:00:39 IST" skipped="0">
  <testcase classname="Cucumber.TestNGTestRunner" name="runScenario" time="12.766"/>
  <system-out/>
</testsuite> <!-- Cucumber.TestNGTestRunner -->
