<?xml version="1.0" encoding="UTF-8"?>
<!-- Generated by org.testng.reporters.JUnitReportReporter -->
<testsuite hostname="ANSH-OFFC" failures="0" tests="7" name="anshFramework.tests.Invalidcases" time="5.318" errors="0" timestamp="2023-06-11T18:03:14 IST" skipped="1">
  <testcase classname="anshFramework.tests.Invalidcases" name="loginExcelData" time="1.448"/>
  <system-out/>
  <testcase classname="anshFramework.tests.Invalidcases" name="loginHash" time="0.810"/>
  <system-out/>
  <testcase classname="anshFramework.tests.Invalidcases" name="loginHash" time="0.842"/>
  <system-out/>
  <testcase classname="anshFramework.tests.Invalidcases" name="loginJSONData" time="0.723"/>
  <system-out/>
  <testcase classname="anshFramework.tests.Invalidcases" name="loginExcelData" time="0.772"/>
  <system-out/>
  <testcase classname="anshFramework.tests.Invalidcases" name="loginJSONData" time="0.723"/>
  <system-out/>
  <testcase classname="anshFramework.tests.Invalidcases" name="login">
    <skipped/>
  </testcase> <!-- login -->
  <system-out/>
</testsuite> <!-- anshFramework.tests.Invalidcases -->
