<?xml version="1.0" encoding="UTF-8"?>
<!-- Generated by org.testng.reporters.JUnitReportReporter -->
<testsuite hostname="ANSH-OFFC" failures="0" tests="4" name="anshFramework.tests.Submitorder" time="10.134" errors="0" timestamp="2023-06-12T11:59:54 IST" skipped="0">
  <testcase classname="anshFramework.tests.Submitorder" name="proceedToCheckout" time="3.565"/>
  <system-out/>
  <testcase classname="anshFramework.tests.Submitorder" name="verifyProductInCart" time="0.495"/>
  <system-out/>
  <testcase classname="anshFramework.tests.Submitorder" name="loginTest" time="2.789"/>
  <system-out/>
  <testcase classname="anshFramework.tests.Submitorder" name="addToCart" time="3.285"/>
  <system-out/>
</testsuite> <!-- anshFramework.tests.Submitorder -->
